2025-12-03 23:33:48 [INFO] Error capture enabled. Transcript: C:\Users\S P A R O\Desktop\PS1 SCRIPTS\DevToolsInstaller\src\Parts\..\\Logs\runtime_errors_2025-12-03.log
2025-12-03 23:34:11 [ERROR] Chrome was not detected after installation finished.
2025-12-03 23:34:24 [ERROR] Chrome was not detected after installation finished.
2025-12-03 23:39:51 [INFO] Error capture enabled. Transcript: C:\Users\S P A R O\Desktop\PS1 SCRIPTS\DevToolsInstaller\src\Parts\..\\Logs\runtime_errors_2025-12-03.log
